0 info it worked if it ends with ok
1 verbose cli [ '/usr/bin/nodejs',
1 verbose cli   '/usr/bin/npm',
1 verbose cli   'install',
1 verbose cli   'socket',
1 verbose cli   '--save' ]
2 info using npm@3.10.10
3 info using node@v7.3.0
4 silly loadCurrentTree Starting
5 silly install loadCurrentTree
6 silly install readLocalPackageData
7 silly fetchPackageMetaData socket
8 silly fetchNamedPackageData socket
9 silly mapToRegistry name socket
10 silly mapToRegistry using default registry
11 silly mapToRegistry registry https://registry.npmjs.org/
12 silly mapToRegistry data Result {
12 silly mapToRegistry   raw: 'socket',
12 silly mapToRegistry   scope: null,
12 silly mapToRegistry   escapedName: 'socket',
12 silly mapToRegistry   name: 'socket',
12 silly mapToRegistry   rawSpec: '',
12 silly mapToRegistry   spec: 'latest',
12 silly mapToRegistry   type: 'tag' }
13 silly mapToRegistry uri https://registry.npmjs.org/socket
14 verbose request uri https://registry.npmjs.org/socket
15 verbose request no auth needed
16 info attempt registry request try #1 at 10:38:59 AM
17 verbose request id 6b8cbe8d3a8d80c1
18 http request GET https://registry.npmjs.org/socket
19 http 200 https://registry.npmjs.org/socket
20 verbose headers { server: 'nginx/1.10.1',
20 verbose headers   'content-type': 'application/json',
20 verbose headers   'last-modified': 'Wed, 11 Feb 2015 23:42:12 GMT',
20 verbose headers   etag: 'W/"54dbe8d4-5f3"',
20 verbose headers   'content-encoding': 'gzip',
20 verbose headers   'cache-control': 'max-age=300',
20 verbose headers   'content-length': '640',
20 verbose headers   'accept-ranges': 'bytes',
20 verbose headers   date: 'Fri, 31 Mar 2017 03:39:00 GMT',
20 verbose headers   via: '1.1 varnish',
20 verbose headers   age: '0',
20 verbose headers   connection: 'keep-alive',
20 verbose headers   'x-served-by': 'cache-sin18028-SIN',
20 verbose headers   'x-cache': 'MISS',
20 verbose headers   'x-cache-hits': '0',
20 verbose headers   'x-timer': 'S1490931539.952568,VS0,VE100',
20 verbose headers   vary: 'Accept-Encoding' }
21 silly get cb [ 200,
21 silly get   { server: 'nginx/1.10.1',
21 silly get     'content-type': 'application/json',
21 silly get     'last-modified': 'Wed, 11 Feb 2015 23:42:12 GMT',
21 silly get     etag: 'W/"54dbe8d4-5f3"',
21 silly get     'content-encoding': 'gzip',
21 silly get     'cache-control': 'max-age=300',
21 silly get     'content-length': '640',
21 silly get     'accept-ranges': 'bytes',
21 silly get     date: 'Fri, 31 Mar 2017 03:39:00 GMT',
21 silly get     via: '1.1 varnish',
21 silly get     age: '0',
21 silly get     connection: 'keep-alive',
21 silly get     'x-served-by': 'cache-sin18028-SIN',
21 silly get     'x-cache': 'MISS',
21 silly get     'x-cache-hits': '0',
21 silly get     'x-timer': 'S1490931539.952568,VS0,VE100',
21 silly get     vary: 'Accept-Encoding' } ]
22 verbose get saving socket to /home/ivanmaulana/.npm/registry.npmjs.org/socket/.cache.json
23 verbose correctMkdir /home/ivanmaulana/.npm correctMkdir not in flight; initializing
24 silly install normalizeTree
25 silly loadCurrentTree Finishing
26 silly loadIdealTree Starting
27 silly install loadIdealTree
28 silly cloneCurrentTree Starting
29 silly install cloneCurrentTreeToIdealTree
30 silly cloneCurrentTree Finishing
31 silly loadShrinkwrap Starting
32 silly install loadShrinkwrap
33 silly loadShrinkwrap Finishing
34 silly loadAllDepsIntoIdealTree Starting
35 silly install loadAllDepsIntoIdealTree
36 silly resolveWithNewModule socket@0.0.1 checking installable status
37 silly cache add args [ 'socket', null ]
38 verbose cache add spec socket
39 silly cache add parsed spec Result {
39 silly cache add   raw: 'socket',
39 silly cache add   scope: null,
39 silly cache add   escapedName: 'socket',
39 silly cache add   name: 'socket',
39 silly cache add   rawSpec: '',
39 silly cache add   spec: 'latest',
39 silly cache add   type: 'tag' }
40 silly addNamed socket@latest
41 verbose addNamed "latest" is being treated as a dist-tag for socket
42 info addNameTag [ 'socket', 'latest' ]
43 silly mapToRegistry name socket
44 silly mapToRegistry using default registry
45 silly mapToRegistry registry https://registry.npmjs.org/
46 silly mapToRegistry data Result {
46 silly mapToRegistry   raw: 'socket',
46 silly mapToRegistry   scope: null,
46 silly mapToRegistry   escapedName: 'socket',
46 silly mapToRegistry   name: 'socket',
46 silly mapToRegistry   rawSpec: '',
46 silly mapToRegistry   spec: 'latest',
46 silly mapToRegistry   type: 'tag' }
47 silly mapToRegistry uri https://registry.npmjs.org/socket
48 verbose addNameTag registry:https://registry.npmjs.org/socket not in flight; fetching
49 verbose get https://registry.npmjs.org/socket not expired, no request
50 silly addNameTag next cb for socket with tag latest
51 silly addNamed socket@0.0.1
52 verbose addNamed "0.0.1" is a plain semver version for socket
53 silly mapToRegistry name socket
54 silly mapToRegistry using default registry
55 silly mapToRegistry registry https://registry.npmjs.org/
56 silly mapToRegistry data Result {
56 silly mapToRegistry   raw: 'socket',
56 silly mapToRegistry   scope: null,
56 silly mapToRegistry   escapedName: 'socket',
56 silly mapToRegistry   name: 'socket',
56 silly mapToRegistry   rawSpec: '',
56 silly mapToRegistry   spec: 'latest',
56 silly mapToRegistry   type: 'tag' }
57 silly mapToRegistry uri https://registry.npmjs.org/socket
58 verbose addRemoteTarball https://registry.npmjs.org/socket/-/socket-0.0.1.tgz not in flight; adding
59 verbose addRemoteTarball [ 'https://registry.npmjs.org/socket/-/socket-0.0.1.tgz',
59 verbose addRemoteTarball   '29ac6549f15a65b19f3444a4178d537a8c161a8b' ]
60 info retry fetch attempt 1 at 10:39:00 AM
61 info attempt registry request try #1 at 10:39:00 AM
62 http fetch GET https://registry.npmjs.org/socket/-/socket-0.0.1.tgz
63 http fetch 200 https://registry.npmjs.org/socket/-/socket-0.0.1.tgz
64 silly fetchAndShaCheck shasum 29ac6549f15a65b19f3444a4178d537a8c161a8b
65 verbose addTmpTarball /tmp/npm-22181-ca1f39bd/registry.npmjs.org/socket/-/socket-0.0.1.tgz not in flight; adding
66 verbose addTmpTarball already have metadata; skipping unpack for socket@0.0.1
67 verbose correctMkdir /home/ivanmaulana/.npm correctMkdir not in flight; initializing
68 silly cache afterAdd socket@0.0.1
69 verbose afterAdd /home/ivanmaulana/.npm/socket/0.0.1/package/package.json not in flight; writing
70 verbose correctMkdir /home/ivanmaulana/.npm correctMkdir not in flight; initializing
71 verbose afterAdd /home/ivanmaulana/.npm/socket/0.0.1/package/package.json written
72 silly fetchNamedPackageData microtime
73 silly mapToRegistry name microtime
74 silly mapToRegistry using default registry
75 silly mapToRegistry registry https://registry.npmjs.org/
76 silly mapToRegistry data Result {
76 silly mapToRegistry   raw: 'microtime',
76 silly mapToRegistry   scope: null,
76 silly mapToRegistry   escapedName: 'microtime',
76 silly mapToRegistry   name: 'microtime',
76 silly mapToRegistry   rawSpec: '',
76 silly mapToRegistry   spec: 'latest',
76 silly mapToRegistry   type: 'tag' }
77 silly mapToRegistry uri https://registry.npmjs.org/microtime
78 verbose request uri https://registry.npmjs.org/microtime
79 verbose request no auth needed
80 info attempt registry request try #1 at 10:39:00 AM
81 http request GET https://registry.npmjs.org/microtime
82 http 200 https://registry.npmjs.org/microtime
83 verbose headers { server: 'nginx/1.10.1',
83 verbose headers   'content-type': 'application/json',
83 verbose headers   'last-modified': 'Thu, 01 Dec 2016 16:01:41 GMT',
83 verbose headers   etag: 'W/"58404965-7448"',
83 verbose headers   'content-encoding': 'gzip',
83 verbose headers   'cache-control': 'max-age=300',
83 verbose headers   'content-length': '4491',
83 verbose headers   'accept-ranges': 'bytes',
83 verbose headers   date: 'Fri, 31 Mar 2017 03:39:00 GMT',
83 verbose headers   via: '1.1 varnish',
83 verbose headers   age: '29',
83 verbose headers   connection: 'keep-alive',
83 verbose headers   'x-served-by': 'cache-sin18028-SIN',
83 verbose headers   'x-cache': 'HIT',
83 verbose headers   'x-cache-hits': '1',
83 verbose headers   'x-timer': 'S1490931540.538643,VS0,VE0',
83 verbose headers   vary: 'Accept-Encoding' }
84 silly get cb [ 200,
84 silly get   { server: 'nginx/1.10.1',
84 silly get     'content-type': 'application/json',
84 silly get     'last-modified': 'Thu, 01 Dec 2016 16:01:41 GMT',
84 silly get     etag: 'W/"58404965-7448"',
84 silly get     'content-encoding': 'gzip',
84 silly get     'cache-control': 'max-age=300',
84 silly get     'content-length': '4491',
84 silly get     'accept-ranges': 'bytes',
84 silly get     date: 'Fri, 31 Mar 2017 03:39:00 GMT',
84 silly get     via: '1.1 varnish',
84 silly get     age: '29',
84 silly get     connection: 'keep-alive',
84 silly get     'x-served-by': 'cache-sin18028-SIN',
84 silly get     'x-cache': 'HIT',
84 silly get     'x-cache-hits': '1',
84 silly get     'x-timer': 'S1490931540.538643,VS0,VE0',
84 silly get     vary: 'Accept-Encoding' } ]
85 verbose get saving microtime to /home/ivanmaulana/.npm/registry.npmjs.org/microtime/.cache.json
86 verbose correctMkdir /home/ivanmaulana/.npm correctMkdir not in flight; initializing
87 silly resolveWithNewModule microtime@0.2.0 checking installable status
88 silly cache add args [ 'microtime@=0.2.0', null ]
89 verbose cache add spec microtime@=0.2.0
90 silly cache add parsed spec Result {
90 silly cache add   raw: 'microtime@=0.2.0',
90 silly cache add   scope: null,
90 silly cache add   escapedName: 'microtime',
90 silly cache add   name: 'microtime',
90 silly cache add   rawSpec: '=0.2.0',
90 silly cache add   spec: '0.2.0',
90 silly cache add   type: 'version' }
91 silly addNamed microtime@0.2.0
92 verbose addNamed "0.2.0" is a plain semver version for microtime
93 silly mapToRegistry name microtime
94 silly mapToRegistry using default registry
95 silly mapToRegistry registry https://registry.npmjs.org/
96 silly mapToRegistry data Result {
96 silly mapToRegistry   raw: 'microtime',
96 silly mapToRegistry   scope: null,
96 silly mapToRegistry   escapedName: 'microtime',
96 silly mapToRegistry   name: 'microtime',
96 silly mapToRegistry   rawSpec: '',
96 silly mapToRegistry   spec: 'latest',
96 silly mapToRegistry   type: 'tag' }
97 silly mapToRegistry uri https://registry.npmjs.org/microtime
98 verbose addNameVersion registry:https://registry.npmjs.org/microtime not in flight; fetching
99 verbose get https://registry.npmjs.org/microtime not expired, no request
100 silly mapToRegistry name microtime
101 silly mapToRegistry using default registry
102 silly mapToRegistry registry https://registry.npmjs.org/
103 silly mapToRegistry data Result {
103 silly mapToRegistry   raw: 'microtime',
103 silly mapToRegistry   scope: null,
103 silly mapToRegistry   escapedName: 'microtime',
103 silly mapToRegistry   name: 'microtime',
103 silly mapToRegistry   rawSpec: '',
103 silly mapToRegistry   spec: 'latest',
103 silly mapToRegistry   type: 'tag' }
104 silly mapToRegistry uri https://registry.npmjs.org/microtime
105 verbose addRemoteTarball https://registry.npmjs.org/microtime/-/microtime-0.2.0.tgz not in flight; adding
106 verbose addRemoteTarball [ 'https://registry.npmjs.org/microtime/-/microtime-0.2.0.tgz',
106 verbose addRemoteTarball   '45ee5cb061f9948a3ade221e620d5117a8a2bdb4' ]
107 info retry fetch attempt 1 at 10:39:00 AM
108 info attempt registry request try #1 at 10:39:00 AM
109 http fetch GET https://registry.npmjs.org/microtime/-/microtime-0.2.0.tgz
110 http fetch 200 https://registry.npmjs.org/microtime/-/microtime-0.2.0.tgz
111 silly fetchAndShaCheck shasum 45ee5cb061f9948a3ade221e620d5117a8a2bdb4
112 verbose addTmpTarball /tmp/npm-22181-ca1f39bd/registry.npmjs.org/microtime/-/microtime-0.2.0.tgz not in flight; adding
113 verbose addTmpTarball already have metadata; skipping unpack for microtime@0.2.0
114 verbose correctMkdir /home/ivanmaulana/.npm correctMkdir not in flight; initializing
115 silly cache afterAdd microtime@0.2.0
116 verbose afterAdd /home/ivanmaulana/.npm/microtime/0.2.0/package/package.json not in flight; writing
117 verbose correctMkdir /home/ivanmaulana/.npm correctMkdir not in flight; initializing
118 verbose afterAdd /home/ivanmaulana/.npm/microtime/0.2.0/package/package.json written
119 silly loadAllDepsIntoIdealTree Finishing
120 silly loadIdealTree Finishing
121 silly currentTree nodejs-starter@1.0.0
121 silly currentTree ├── accepts@1.3.3
121 silly currentTree ├── after@0.8.1
121 silly currentTree ├── array-flatten@1.1.1
121 silly currentTree ├── arraybuffer.slice@0.0.6
121 silly currentTree ├── async@2.1.4
121 silly currentTree ├── backo2@1.0.2
121 silly currentTree ├── base64-arraybuffer@0.1.5
121 silly currentTree ├── base64id@0.1.0
121 silly currentTree ├── base64url@2.0.0
121 silly currentTree ├── better-assert@1.0.2
121 silly currentTree ├── bignumber.js@3.1.2
121 silly currentTree ├── blob-stream@0.1.3
121 silly currentTree ├── blob@0.0.4
121 silly currentTree ├── bluebird@2.10.2
121 silly currentTree ├─┬ body-parser@1.17.1
121 silly currentTree │ ├── debug@2.6.1
121 silly currentTree │ └── ms@0.7.2
121 silly currentTree ├── bson@1.0.4
121 silly currentTree ├── buffer-equal-constant-time@1.0.1
121 silly currentTree ├── buffer-shims@1.0.0
121 silly currentTree ├── bytes@2.4.0
121 silly currentTree ├── callsite@1.0.0
121 silly currentTree ├── component-bind@1.0.0
121 silly currentTree ├── component-emitter@1.1.2
121 silly currentTree ├── component-inherit@0.0.3
121 silly currentTree ├── content-disposition@0.5.2
121 silly currentTree ├── content-type@1.0.2
121 silly currentTree ├── cookie-signature@1.0.6
121 silly currentTree ├── cookie@0.3.1
121 silly currentTree ├── core-util-is@1.0.2
121 silly currentTree ├── debug@2.2.0
121 silly currentTree ├── depd@1.1.0
121 silly currentTree ├── destroy@1.0.4
121 silly currentTree ├── ecdsa-sig-formatter@1.0.9
121 silly currentTree ├── ee-first@1.1.1
121 silly currentTree ├── encodeurl@1.0.1
121 silly currentTree ├─┬ engine.io-client@1.8.1
121 silly currentTree │ ├── component-emitter@1.2.1
121 silly currentTree │ ├── debug@2.3.3
121 silly currentTree │ └── ms@0.7.2
121 silly currentTree ├─┬ engine.io-parser@1.3.1
121 silly currentTree │ └── has-binary@0.1.6
121 silly currentTree ├─┬ engine.io@1.8.1
121 silly currentTree │ ├── debug@2.3.3
121 silly currentTree │ └── ms@0.7.2
121 silly currentTree ├── es6-promise@3.2.1
121 silly currentTree ├── escape-html@1.0.3
121 silly currentTree ├── etag@1.8.0
121 silly currentTree ├─┬ express@4.15.2
121 silly currentTree │ ├── debug@2.6.1
121 silly currentTree │ └── ms@0.7.2
121 silly currentTree ├─┬ finalhandler@1.0.1
121 silly currentTree │ ├── debug@2.6.3
121 silly currentTree │ └── ms@0.7.2
121 silly currentTree ├── forwarded@0.1.0
121 silly currentTree ├── fresh@0.5.0
121 silly currentTree ├── has-binary@0.1.7
121 silly currentTree ├── has-cors@1.1.0
121 silly currentTree ├── hoek@2.16.3
121 silly currentTree ├── hooks-fixed@2.0.0
121 silly currentTree ├── http-errors@1.6.1
121 silly currentTree ├── iconv-lite@0.4.15
121 silly currentTree ├── indexof@0.0.1
121 silly currentTree ├── inherits@2.0.3
121 silly currentTree ├── ipaddr.js@1.3.0
121 silly currentTree ├── isarray@0.0.1
121 silly currentTree ├── isemail@1.2.0
121 silly currentTree ├── joi@6.10.1
121 silly currentTree ├── json-query@2.2.0
121 silly currentTree ├── json3@3.3.2
121 silly currentTree ├── jsonwebtoken@7.3.0
121 silly currentTree ├── jwa@1.1.5
121 silly currentTree ├── jws@3.1.4
121 silly currentTree ├── kareem@1.2.1
121 silly currentTree ├── lodash.once@4.1.1
121 silly currentTree ├── lodash@4.17.4
121 silly currentTree ├── media-typer@0.3.0
121 silly currentTree ├── merge-descriptors@1.0.1
121 silly currentTree ├── methods@1.1.2
121 silly currentTree ├── mime-db@1.25.0
121 silly currentTree ├── mime-types@2.1.13
121 silly currentTree ├── mime@1.3.4
121 silly currentTree ├── moment@2.17.1
121 silly currentTree ├── mongodb-core@2.1.9
121 silly currentTree ├─┬ mongodb@2.2.25
121 silly currentTree │ ├── isarray@1.0.0
121 silly currentTree │ └── readable-stream@2.1.5
121 silly currentTree ├─┬ mongoose@4.9.0
121 silly currentTree │ ├── isarray@1.0.0
121 silly currentTree │ ├── mongodb-core@2.1.8
121 silly currentTree │ ├── mongodb@2.2.24
121 silly currentTree │ ├── ms@0.7.2
121 silly currentTree │ └── readable-stream@2.1.5
121 silly currentTree ├── mpath@0.2.1
121 silly currentTree ├── mpromise@0.5.5
121 silly currentTree ├─┬ mquery@2.3.0
121 silly currentTree │ └── sliced@0.0.5
121 silly currentTree ├── ms@0.7.1
121 silly currentTree ├── muri@1.2.1
121 silly currentTree ├── mysql@2.13.0
121 silly currentTree ├── negotiator@0.6.1
121 silly currentTree ├── object-assign@4.1.0
121 silly currentTree ├── object-component@0.0.3
121 silly currentTree ├── on-finished@2.3.0
121 silly currentTree ├── options@0.0.6
121 silly currentTree ├── parsejson@0.0.3
121 silly currentTree ├── parseqs@0.0.5
121 silly currentTree ├── parseuri@0.0.5
121 silly currentTree ├── parseurl@1.3.1
121 silly currentTree ├── path-to-regexp@0.1.7
121 silly currentTree ├── process-nextick-args@1.0.7
121 silly currentTree ├── proxy-addr@1.1.4
121 silly currentTree ├── qs@6.4.0
121 silly currentTree ├── range-parser@1.2.0
121 silly currentTree ├── raw-body@2.2.0
121 silly currentTree ├── readable-stream@1.1.14
121 silly currentTree ├── regexp-clone@0.0.1
121 silly currentTree ├── require_optional@1.0.0
121 silly currentTree ├── resolve-from@2.0.0
121 silly currentTree ├── safe-buffer@5.0.1
121 silly currentTree ├── semver@5.3.0
121 silly currentTree ├─┬ send@0.15.1
121 silly currentTree │ ├── debug@2.6.1
121 silly currentTree │ └── ms@0.7.2
121 silly currentTree ├── serve-static@1.12.1
121 silly currentTree ├── setprototypeof@1.0.3
121 silly currentTree ├── sliced@1.0.1
121 silly currentTree ├─┬ socket.io-adapter@0.5.0
121 silly currentTree │ ├── debug@2.3.3
121 silly currentTree │ └── ms@0.7.2
121 silly currentTree ├─┬ socket.io-client@1.7.1
121 silly currentTree │ ├── component-emitter@1.2.1
121 silly currentTree │ ├── debug@2.3.3
121 silly currentTree │ └── ms@0.7.2
121 silly currentTree ├── socket.io-parser@2.3.1
121 silly currentTree ├─┬ socket.io@1.7.1
121 silly currentTree │ ├── debug@2.3.3
121 silly currentTree │ └── ms@0.7.2
121 silly currentTree ├── sqlstring@2.2.0
121 silly currentTree ├── statuses@1.3.1
121 silly currentTree ├── string_decoder@0.10.31
121 silly currentTree ├── to-array@0.1.4
121 silly currentTree ├── topo@1.1.0
121 silly currentTree ├── type-is@1.6.14
121 silly currentTree ├── ultron@1.0.2
121 silly currentTree ├── unpipe@1.0.0
121 silly currentTree ├── util-deprecate@1.0.2
121 silly currentTree ├── utils-merge@1.0.0
121 silly currentTree ├── vary@1.1.1
121 silly currentTree ├── ws@1.1.1
121 silly currentTree ├── wtf-8@1.0.0
121 silly currentTree ├── xmlhttprequest-ssl@1.5.3
121 silly currentTree ├── xtend@4.0.1
121 silly currentTree └── yeast@0.1.2
122 silly idealTree nodejs-starter@1.0.0
122 silly idealTree ├── accepts@1.3.3
122 silly idealTree ├── after@0.8.1
122 silly idealTree ├── array-flatten@1.1.1
122 silly idealTree ├── arraybuffer.slice@0.0.6
122 silly idealTree ├── async@2.1.4
122 silly idealTree ├── backo2@1.0.2
122 silly idealTree ├── base64-arraybuffer@0.1.5
122 silly idealTree ├── base64id@0.1.0
122 silly idealTree ├── base64url@2.0.0
122 silly idealTree ├── better-assert@1.0.2
122 silly idealTree ├── bignumber.js@3.1.2
122 silly idealTree ├── blob-stream@0.1.3
122 silly idealTree ├── blob@0.0.4
122 silly idealTree ├── bluebird@2.10.2
122 silly idealTree ├─┬ body-parser@1.17.1
122 silly idealTree │ ├── debug@2.6.1
122 silly idealTree │ └── ms@0.7.2
122 silly idealTree ├── bson@1.0.4
122 silly idealTree ├── buffer-equal-constant-time@1.0.1
122 silly idealTree ├── buffer-shims@1.0.0
122 silly idealTree ├── bytes@2.4.0
122 silly idealTree ├── callsite@1.0.0
122 silly idealTree ├── component-bind@1.0.0
122 silly idealTree ├── component-emitter@1.1.2
122 silly idealTree ├── component-inherit@0.0.3
122 silly idealTree ├── content-disposition@0.5.2
122 silly idealTree ├── content-type@1.0.2
122 silly idealTree ├── cookie-signature@1.0.6
122 silly idealTree ├── cookie@0.3.1
122 silly idealTree ├── core-util-is@1.0.2
122 silly idealTree ├── debug@2.2.0
122 silly idealTree ├── depd@1.1.0
122 silly idealTree ├── destroy@1.0.4
122 silly idealTree ├── ecdsa-sig-formatter@1.0.9
122 silly idealTree ├── ee-first@1.1.1
122 silly idealTree ├── encodeurl@1.0.1
122 silly idealTree ├─┬ engine.io-client@1.8.1
122 silly idealTree │ ├── component-emitter@1.2.1
122 silly idealTree │ ├── debug@2.3.3
122 silly idealTree │ └── ms@0.7.2
122 silly idealTree ├─┬ engine.io-parser@1.3.1
122 silly idealTree │ └── has-binary@0.1.6
122 silly idealTree ├─┬ engine.io@1.8.1
122 silly idealTree │ ├── debug@2.3.3
122 silly idealTree │ └── ms@0.7.2
122 silly idealTree ├── es6-promise@3.2.1
122 silly idealTree ├── escape-html@1.0.3
122 silly idealTree ├── etag@1.8.0
122 silly idealTree ├─┬ express@4.15.2
122 silly idealTree │ ├── debug@2.6.1
122 silly idealTree │ └── ms@0.7.2
122 silly idealTree ├─┬ finalhandler@1.0.1
122 silly idealTree │ ├── debug@2.6.3
122 silly idealTree │ └── ms@0.7.2
122 silly idealTree ├── forwarded@0.1.0
122 silly idealTree ├── fresh@0.5.0
122 silly idealTree ├── has-binary@0.1.7
122 silly idealTree ├── has-cors@1.1.0
122 silly idealTree ├── hoek@2.16.3
122 silly idealTree ├── hooks-fixed@2.0.0
122 silly idealTree ├── http-errors@1.6.1
122 silly idealTree ├── iconv-lite@0.4.15
122 silly idealTree ├── indexof@0.0.1
122 silly idealTree ├── inherits@2.0.3
122 silly idealTree ├── ipaddr.js@1.3.0
122 silly idealTree ├── isarray@0.0.1
122 silly idealTree ├── isemail@1.2.0
122 silly idealTree ├── joi@6.10.1
122 silly idealTree ├── json-query@2.2.0
122 silly idealTree ├── json3@3.3.2
122 silly idealTree ├── jsonwebtoken@7.3.0
122 silly idealTree ├── jwa@1.1.5
122 silly idealTree ├── jws@3.1.4
122 silly idealTree ├── kareem@1.2.1
122 silly idealTree ├── lodash.once@4.1.1
122 silly idealTree ├── lodash@4.17.4
122 silly idealTree ├── media-typer@0.3.0
122 silly idealTree ├── merge-descriptors@1.0.1
122 silly idealTree ├── methods@1.1.2
122 silly idealTree ├── microtime@0.2.0
122 silly idealTree ├── mime-db@1.25.0
122 silly idealTree ├── mime-types@2.1.13
122 silly idealTree ├── mime@1.3.4
122 silly idealTree ├── moment@2.17.1
122 silly idealTree ├── mongodb-core@2.1.9
122 silly idealTree ├─┬ mongodb@2.2.25
122 silly idealTree │ ├── isarray@1.0.0
122 silly idealTree │ └── readable-stream@2.1.5
122 silly idealTree ├─┬ mongoose@4.9.0
122 silly idealTree │ ├── isarray@1.0.0
122 silly idealTree │ ├── mongodb-core@2.1.8
122 silly idealTree │ ├── mongodb@2.2.24
122 silly idealTree │ ├── ms@0.7.2
122 silly idealTree │ └── readable-stream@2.1.5
122 silly idealTree ├── mpath@0.2.1
122 silly idealTree ├── mpromise@0.5.5
122 silly idealTree ├─┬ mquery@2.3.0
122 silly idealTree │ └── sliced@0.0.5
122 silly idealTree ├── ms@0.7.1
122 silly idealTree ├── muri@1.2.1
122 silly idealTree ├── mysql@2.13.0
122 silly idealTree ├── negotiator@0.6.1
122 silly idealTree ├── object-assign@4.1.0
122 silly idealTree ├── object-component@0.0.3
122 silly idealTree ├── on-finished@2.3.0
122 silly idealTree ├── options@0.0.6
122 silly idealTree ├── parsejson@0.0.3
122 silly idealTree ├── parseqs@0.0.5
122 silly idealTree ├── parseuri@0.0.5
122 silly idealTree ├── parseurl@1.3.1
122 silly idealTree ├── path-to-regexp@0.1.7
122 silly idealTree ├── process-nextick-args@1.0.7
122 silly idealTree ├── proxy-addr@1.1.4
122 silly idealTree ├── qs@6.4.0
122 silly idealTree ├── range-parser@1.2.0
122 silly idealTree ├── raw-body@2.2.0
122 silly idealTree ├── readable-stream@1.1.14
122 silly idealTree ├── regexp-clone@0.0.1
122 silly idealTree ├── require_optional@1.0.0
122 silly idealTree ├── resolve-from@2.0.0
122 silly idealTree ├── safe-buffer@5.0.1
122 silly idealTree ├── semver@5.3.0
122 silly idealTree ├─┬ send@0.15.1
122 silly idealTree │ ├── debug@2.6.1
122 silly idealTree │ └── ms@0.7.2
122 silly idealTree ├── serve-static@1.12.1
122 silly idealTree ├── setprototypeof@1.0.3
122 silly idealTree ├── sliced@1.0.1
122 silly idealTree ├─┬ socket.io-adapter@0.5.0
122 silly idealTree │ ├── debug@2.3.3
122 silly idealTree │ └── ms@0.7.2
122 silly idealTree ├─┬ socket.io-client@1.7.1
122 silly idealTree │ ├── component-emitter@1.2.1
122 silly idealTree │ ├── debug@2.3.3
122 silly idealTree │ └── ms@0.7.2
122 silly idealTree ├── socket.io-parser@2.3.1
122 silly idealTree ├─┬ socket.io@1.7.1
122 silly idealTree │ ├── debug@2.3.3
122 silly idealTree │ └── ms@0.7.2
122 silly idealTree ├── socket@0.0.1
122 silly idealTree ├── sqlstring@2.2.0
122 silly idealTree ├── statuses@1.3.1
122 silly idealTree ├── string_decoder@0.10.31
122 silly idealTree ├── to-array@0.1.4
122 silly idealTree ├── topo@1.1.0
122 silly idealTree ├── type-is@1.6.14
122 silly idealTree ├── ultron@1.0.2
122 silly idealTree ├── unpipe@1.0.0
122 silly idealTree ├── util-deprecate@1.0.2
122 silly idealTree ├── utils-merge@1.0.0
122 silly idealTree ├── vary@1.1.1
122 silly idealTree ├── ws@1.1.1
122 silly idealTree ├── wtf-8@1.0.0
122 silly idealTree ├── xmlhttprequest-ssl@1.5.3
122 silly idealTree ├── xtend@4.0.1
122 silly idealTree └── yeast@0.1.2
123 silly generateActionsToTake Starting
124 silly install generateActionsToTake
125 silly generateActionsToTake Finishing
126 silly diffTrees action count 2
127 silly diffTrees add microtime@0.2.0
128 silly diffTrees add socket@0.0.1
129 silly decomposeActions action count 16
130 silly decomposeActions fetch microtime@0.2.0
131 silly decomposeActions extract microtime@0.2.0
132 silly decomposeActions test microtime@0.2.0
133 silly decomposeActions preinstall microtime@0.2.0
134 silly decomposeActions build microtime@0.2.0
135 silly decomposeActions install microtime@0.2.0
136 silly decomposeActions postinstall microtime@0.2.0
137 silly decomposeActions finalize microtime@0.2.0
138 silly decomposeActions fetch socket@0.0.1
139 silly decomposeActions extract socket@0.0.1
140 silly decomposeActions test socket@0.0.1
141 silly decomposeActions preinstall socket@0.0.1
142 silly decomposeActions build socket@0.0.1
143 silly decomposeActions install socket@0.0.1
144 silly decomposeActions postinstall socket@0.0.1
145 silly decomposeActions finalize socket@0.0.1
146 silly runTopLevelLifecycles Starting
147 silly executeActions Starting
148 silly install executeActions
149 silly doSerial global-install 0
150 silly doParallel fetch 2
151 verbose correctMkdir /home/ivanmaulana/.npm/_locks correctMkdir not in flight; initializing
152 verbose lock using /home/ivanmaulana/.npm/_locks/staging-03dc831bf56f04b7.lock for /home/ivanmaulana/dev/node/workshop.api/node_modules/.staging
153 silly doParallel extract 2
154 silly extract microtime@0.2.0
155 silly extract socket@0.0.1
156 verbose unbuild node_modules/.staging/microtime-ce8d5842
157 verbose unbuild node_modules/.staging/socket-b10851d1
158 silly gentlyRm /home/ivanmaulana/dev/node/workshop.api/node_modules/.staging/microtime-ce8d5842 is being purged from base /home/ivanmaulana/dev/node/workshop.api
159 verbose gentlyRm don't care about contents; nuking /home/ivanmaulana/dev/node/workshop.api/node_modules/.staging/microtime-ce8d5842
160 silly gentlyRm /home/ivanmaulana/dev/node/workshop.api/node_modules/.staging/socket-b10851d1 is being purged from base /home/ivanmaulana/dev/node/workshop.api
161 verbose gentlyRm don't care about contents; nuking /home/ivanmaulana/dev/node/workshop.api/node_modules/.staging/socket-b10851d1
162 verbose tar unpack /home/ivanmaulana/.npm/microtime/0.2.0/package.tgz
163 verbose tar unpacking to /home/ivanmaulana/dev/node/workshop.api/node_modules/.staging/microtime-ce8d5842
164 silly gentlyRm /home/ivanmaulana/dev/node/workshop.api/node_modules/.staging/microtime-ce8d5842 is being purged
165 verbose gentlyRm don't care about contents; nuking /home/ivanmaulana/dev/node/workshop.api/node_modules/.staging/microtime-ce8d5842
166 verbose tar unpack /home/ivanmaulana/.npm/socket/0.0.1/package.tgz
167 verbose tar unpacking to /home/ivanmaulana/dev/node/workshop.api/node_modules/.staging/socket-b10851d1
168 silly gentlyRm /home/ivanmaulana/dev/node/workshop.api/node_modules/.staging/socket-b10851d1 is being purged
169 verbose gentlyRm don't care about contents; nuking /home/ivanmaulana/dev/node/workshop.api/node_modules/.staging/socket-b10851d1
170 silly gunzTarPerm modes [ '775', '664' ]
171 silly gunzTarPerm modes [ '775', '664' ]
172 silly gunzTarPerm extractEntry index.js
173 silly gunzTarPerm modified mode [ 'index.js', 420, 436 ]
174 silly gunzTarPerm extractEntry examples/
175 silly gunzTarPerm modified mode [ 'examples/', 493, 509 ]
176 silly gunzTarPerm extractEntry LICENSE
177 silly gunzTarPerm modified mode [ 'LICENSE', 420, 436 ]
178 silly gunzTarPerm extractEntry package.json
179 silly gunzTarPerm modified mode [ 'package.json', 420, 436 ]
180 silly gunzTarPerm extractEntry examples/echo-server.js
181 silly gunzTarPerm modified mode [ 'examples/echo-server.js', 420, 436 ]
182 silly gunzTarPerm extractEntry examples/simple-test.js
183 silly gunzTarPerm modified mode [ 'examples/simple-test.js', 420, 436 ]
184 silly gunzTarPerm extractEntry examples/simple-time-server.js
185 silly gunzTarPerm modified mode [ 'examples/simple-time-server.js', 420, 436 ]
186 silly gunzTarPerm extractEntry index.js
187 silly gunzTarPerm modified mode [ 'index.js', 420, 436 ]
188 silly gunzTarPerm extractEntry lib/
189 silly gunzTarPerm modified mode [ 'lib/', 493, 509 ]
190 silly gunzTarPerm extractEntry README.md
191 silly gunzTarPerm modified mode [ 'README.md', 420, 436 ]
192 silly gunzTarPerm extractEntry test.js
193 silly gunzTarPerm modified mode [ 'test.js', 420, 436 ]
194 silly gunzTarPerm extractEntry lib/index.js
195 silly gunzTarPerm modified mode [ 'lib/index.js', 420, 436 ]
196 silly gunzTarPerm extractEntry lib/middleware/
197 silly gunzTarPerm modified mode [ 'lib/middleware/', 493, 509 ]
198 silly gunzTarPerm extractEntry wscript
199 silly gunzTarPerm modified mode [ 'wscript', 420, 436 ]
200 silly gunzTarPerm extractEntry src/microtime.cc
201 silly gunzTarPerm modified mode [ 'src/microtime.cc', 420, 436 ]
202 silly gunzTarPerm extractEntry lib/middleware/echo.js
203 silly gunzTarPerm modified mode [ 'lib/middleware/echo.js', 420, 436 ]
204 silly gunzTarPerm extractEntry lib/middleware/errorHandler.js
205 silly gunzTarPerm modified mode [ 'lib/middleware/errorHandler.js', 420, 436 ]
206 silly gunzTarPerm extractEntry lib/middleware/json.js
207 silly gunzTarPerm modified mode [ 'lib/middleware/json.js', 420, 436 ]
208 silly gunzTarPerm extractEntry lib/middleware/profiler.js
209 silly gunzTarPerm modified mode [ 'lib/middleware/profiler.js', 420, 436 ]
210 silly gunzTarPerm extractEntry lib/proto.js
211 silly gunzTarPerm modified mode [ 'lib/proto.js', 420, 436 ]
212 silly gunzTarPerm extractEntry lib/utils.js
213 silly gunzTarPerm modified mode [ 'lib/utils.js', 420, 436 ]
214 silly gunzTarPerm extractEntry nbproject/
215 silly gunzTarPerm modified mode [ 'nbproject/', 493, 509 ]
216 silly gunzTarPerm extractEntry nbproject/private/
217 silly gunzTarPerm modified mode [ 'nbproject/private/', 493, 509 ]
218 silly gunzTarPerm extractEntry nbproject/private/private.properties
219 silly gunzTarPerm modified mode [ 'nbproject/private/private.properties', 420, 436 ]
220 silly gunzTarPerm extractEntry nbproject/project.properties
221 silly gunzTarPerm modified mode [ 'nbproject/project.properties', 420, 436 ]
222 silly gunzTarPerm extractEntry nbproject/project.xml
223 silly gunzTarPerm modified mode [ 'nbproject/project.xml', 420, 436 ]
224 silly gunzTarPerm extractEntry package.json
225 silly gunzTarPerm modified mode [ 'package.json', 420, 436 ]
226 silly gunzTarPerm extractEntry scripts/
227 silly gunzTarPerm modified mode [ 'scripts/', 493, 509 ]
228 silly gunzTarPerm extractEntry scripts/lint
229 silly gunzTarPerm modified mode [ 'scripts/lint', 493, 509 ]
230 silly gentlyRm /home/ivanmaulana/dev/node/workshop.api/node_modules/.staging/microtime-ce8d5842/node_modules is being purged
231 verbose gentlyRm don't care about contents; nuking /home/ivanmaulana/dev/node/workshop.api/node_modules/.staging/microtime-ce8d5842/node_modules
232 silly gentlyRm /home/ivanmaulana/dev/node/workshop.api/node_modules/.staging/socket-b10851d1/node_modules is being purged
233 verbose gentlyRm don't care about contents; nuking /home/ivanmaulana/dev/node/workshop.api/node_modules/.staging/socket-b10851d1/node_modules
234 silly doParallel preinstall 2
235 silly preinstall microtime@0.2.0 /home/ivanmaulana/dev/node/workshop.api/node_modules/.staging/microtime-ce8d5842
236 info lifecycle microtime@0.2.0~preinstall: microtime@0.2.0
237 silly preinstall socket@0.0.1 /home/ivanmaulana/dev/node/workshop.api/node_modules/.staging/socket-b10851d1
238 info lifecycle socket@0.0.1~preinstall: socket@0.0.1
239 silly lifecycle microtime@0.2.0~preinstall: no script for preinstall, continuing
240 silly lifecycle socket@0.0.1~preinstall: no script for preinstall, continuing
241 silly doReverseSerial remove 0
242 silly doSerial move 0
243 silly doSerial finalize 2
244 silly finalize /home/ivanmaulana/dev/node/workshop.api/node_modules/microtime
245 silly finalize /home/ivanmaulana/dev/node/workshop.api/node_modules/socket
246 silly doSerial build 2
247 silly build microtime@0.2.0
248 info linkStuff microtime@0.2.0
249 silly linkStuff microtime@0.2.0 has /home/ivanmaulana/dev/node/workshop.api/node_modules as its parent node_modules
250 verbose linkBins microtime@0.2.0
251 verbose linkMans microtime@0.2.0
252 silly build socket@0.0.1
253 info linkStuff socket@0.0.1
254 silly linkStuff socket@0.0.1 has /home/ivanmaulana/dev/node/workshop.api/node_modules as its parent node_modules
255 verbose linkBins socket@0.0.1
256 verbose linkMans socket@0.0.1
257 silly doSerial global-link 0
258 silly doParallel update-linked 0
259 silly doSerial install 2
260 silly install microtime@0.2.0 /home/ivanmaulana/dev/node/workshop.api/node_modules/.staging/microtime-ce8d5842
261 info lifecycle microtime@0.2.0~install: microtime@0.2.0
262 verbose lifecycle microtime@0.2.0~install: unsafe-perm in lifecycle true
263 verbose lifecycle microtime@0.2.0~install: PATH: /usr/lib/node_modules/npm/bin/node-gyp-bin:/home/ivanmaulana/dev/node/workshop.api/node_modules/microtime/node_modules/.bin:/home/ivanmaulana/dev/node/workshop.api/node_modules/.bin:/home/ivanmaulana/bin:/home/ivanmaulana/.local/bin:/usr/local/sbin:/usr/local/bin:/usr/sbin:/usr/bin:/sbin:/bin:/usr/games:/usr/local/games:/snap/bin
264 verbose lifecycle microtime@0.2.0~install: CWD: /home/ivanmaulana/dev/node/workshop.api/node_modules/microtime
265 silly lifecycle microtime@0.2.0~install: Args: [ '-c', 'node-waf configure build' ]
266 info lifecycle microtime@0.2.0~install: Failed to exec install script
267 verbose unlock done using /home/ivanmaulana/.npm/_locks/staging-03dc831bf56f04b7.lock for /home/ivanmaulana/dev/node/workshop.api/node_modules/.staging
268 silly rollbackFailedOptional Starting
269 silly rollbackFailedOptional Finishing
270 silly runTopLevelLifecycles Finishing
271 silly install printInstalled
272 verbose stack Error: microtime@0.2.0 install: `node-waf configure build`
272 verbose stack spawn ENOENT
272 verbose stack     at ChildProcess.<anonymous> (/usr/lib/node_modules/npm/lib/utils/spawn.js:33:16)
272 verbose stack     at emitTwo (events.js:106:13)
272 verbose stack     at ChildProcess.emit (events.js:191:7)
272 verbose stack     at maybeClose (internal/child_process.js:885:16)
272 verbose stack     at Process.ChildProcess._handle.onexit (internal/child_process.js:226:5)
273 verbose pkgid microtime@0.2.0
274 verbose cwd /home/ivanmaulana/dev/node/workshop.api
275 error Linux 4.4.0-59-generic
276 error argv "/usr/bin/nodejs" "/usr/bin/npm" "install" "socket" "--save"
277 error node v7.3.0
278 error npm  v3.10.10
279 error file sh
280 error code ELIFECYCLE
281 error errno ENOENT
282 error syscall spawn
283 error microtime@0.2.0 install: `node-waf configure build`
283 error spawn ENOENT
284 error Failed at the microtime@0.2.0 install script 'node-waf configure build'.
284 error Make sure you have the latest version of node.js and npm installed.
284 error If you do, this is most likely a problem with the microtime package,
284 error not with npm itself.
284 error Tell the author that this fails on your system:
284 error     node-waf configure build
284 error You can get information on how to open an issue for this project with:
284 error     npm bugs microtime
284 error Or if that isn't available, you can get their info via:
284 error     npm owner ls microtime
284 error There is likely additional logging output above.
285 verbose exit [ 1, true ]
